/path/to/core/node_modules/ts-node/src/index.ts:859
    return new TSError(diagnosticText, diagnosticCodes, diagnostics);
           ^
TSError: тип Unable to compile TypeScript:
scripts/create-package/cli.ts:23:5 - error TS2578: Unused '@ts-expect-error' directive.

23     // @ts-expect-error: The CommandModule<T, U>[] signature does in fact exist,
       ~~~~~~~~~~~~~~~~~~~~~~~~~~~~~~~~~~~~~~~~~~~~~~~~~~~~~~~~~~~~~~~~~~~~~~~~~~~~
scripts/create-package/cli.ts:46:5 - error TS2578: Unused '@ts-expect-error' directive.

46     // @ts-expect-error: This does in fact exist, but it is missing from our yargs types.
       ~~~~~~~~~~~~~~~~~~~~~~~~~~~~~~~~~~~~~~~~~~~~~~~~~~~~~~~~~~~~~~~~~~~~~~~~~~~~~~~~~~~~~

    at createTSError (/path/to/core/node_modules/ts-node/src/index.ts:859:12)
    at reportTSError (/path/to/core/node_modules/ts-node/src/index.ts:863:19)
    at getOutput (/path/to/core/node_modules/ts-node/src/index.ts:1077:36)
    at Object.compile (/path/to/core/node_modules/ts-node/src/index.ts:1433:41)
    at Module.m._compile (/path/to/core/node_modules/ts-node/src/index.ts:1617:30)
    at Module._extensions..js (node:internal/modules/cjs/loader:1422:10)
    at Object.require.extensions.<computed> [as .ts] (/path/to/core/node_modules/ts-node/src/index.ts:1621:12)
    at Module.load (node:internal/modules/cjs/loader:1203:32)
    at Function.Module._load (node:internal/modules/cjs/loader:1019:12)
    at Module.require (node:internal/modules/cjs/loader:1231:19) {
  diagnosticCodes: [ 2578, 2578 ]
}
