{"/Users/georgeweiler/code/ramps/core/packages/ramps-controller/src/RampsService.ts": {"path":"/Users/georgeweiler/code/ramps/core/packages/ramps-controller/src/RampsService.ts","statementMap":{"0":{"start":{"line":159,"column":33},"end":{"line":159,"column":40}},"1":{"start":{"line":167,"column":27},"end":{"line":167,"column":41}},"2":{"start":{"line":189,"column":34},"end":{"line":194,"column":10}},"3":{"start":{"line":240,"column":16},"end":{"line":240,"column":67}},"4":{"start":{"line":242,"column":2},"end":{"line":250,"column":3}},"5":{"start":{"line":244,"column":6},"end":{"line":244,"column":58}},"6":{"start":{"line":247,"column":6},"end":{"line":247,"column":62}},"7":{"start":{"line":249,"column":6},"end":{"line":249,"column":69}},"8":{"start":{"line":357,"column":4},"end":{"line":357,"column":28}},"9":{"start":{"line":358,"column":4},"end":{"line":358,"column":32}},"10":{"start":{"line":359,"column":4},"end":{"line":359,"column":32}},"11":{"start":{"line":360,"column":4},"end":{"line":360,"column":54}},"12":{"start":{"line":361,"column":4},"end":{"line":361,"column":36}},"13":{"start":{"line":362,"column":4},"end":{"line":362,"column":28}},"14":{"start":{"line":364,"column":4},"end":{"line":367,"column":6}},"15":{"start":{"line":383,"column":4},"end":{"line":383,"column":42}},"16":{"start":{"line":398,"column":4},"end":{"line":398,"column":42}},"17":{"start":{"line":421,"column":4},"end":{"line":421,"column":45}},"18":{"start":{"line":431,"column":4},"end":{"line":433,"column":5}},"19":{"start":{"line":432,"column":6},"end":{"line":432,"column":45}},"20":{"start":{"line":434,"column":4},"end":{"line":434,"column":51}},"21":{"start":{"line":435,"column":4},"end":{"line":435,"column":60}},"22":{"start":{"line":436,"column":4},"end":{"line":436,"column":51}},"23":{"start":{"line":457,"column":4},"end":{"line":473,"column":7}},"24":{"start":{"line":458,"column":22},"end":{"line":458,"column":60}},"25":{"start":{"line":459,"column":18},"end":{"line":459,"column":40}},"26":{"start":{"line":460,"column":6},"end":{"line":460,"column":49}},"27":{"start":{"line":462,"column":23},"end":{"line":462,"column":45}},"28":{"start":{"line":463,"column":6},"end":{"line":468,"column":7}},"29":{"start":{"line":464,"column":8},"end":{"line":467,"column":10}},"30":{"start":{"line":470,"column":6},"end":{"line":472,"column":50}},"31":{"start":{"line":483,"column":25},"end":{"line":487,"column":5}},"32":{"start":{"line":489,"column":28},"end":{"line":489,"column":47}},"33":{"start":{"line":490,"column":4},"end":{"line":492,"column":5}},"34":{"start":{"line":491,"column":6},"end":{"line":491,"column":29}},"35":{"start":{"line":494,"column":4},"end":{"line":494,"column":72}},"36":{"start":{"line":505,"column":22},"end":{"line":509,"column":5}},"37":{"start":{"line":511,"column":4},"end":{"line":513,"column":5}},"38":{"start":{"line":512,"column":6},"end":{"line":512,"column":72}},"39":{"start":{"line":515,"column":4},"end":{"line":524,"column":7}},"40":{"start":{"line":516,"column":6},"end":{"line":521,"column":7}},"41":{"start":{"line":517,"column":34},"end":{"line":519,"column":9}},"42":{"start":{"line":518,"column":21},"end":{"line":518,"column":46}},"43":{"start":{"line":520,"column":8},"end":{"line":520,"column":54}},"44":{"start":{"line":523,"column":6},"end":{"line":523,"column":31}},"45":{"start":{"line":534,"column":30},"end":{"line":534,"column":58}},"46":{"start":{"line":535,"column":4},"end":{"line":539,"column":6}},"47":{"start":{"line":553,"column":29},"end":{"line":553,"column":56}},"48":{"start":{"line":554,"column":21},"end":{"line":558,"column":5}},"49":{"start":{"line":560,"column":4},"end":{"line":562,"column":5}},"50":{"start":{"line":561,"column":6},"end":{"line":561,"column":69}},"51":{"start":{"line":564,"column":4},"end":{"line":569,"column":5}},"52":{"start":{"line":568,"column":6},"end":{"line":568,"column":69}},"53":{"start":{"line":571,"column":4},"end":{"line":571,"column":20}}},"fnMap":{"0":{"name":"getBaseUrl","decl":{"start":{"line":236,"column":9},"end":{"line":236,"column":19}},"loc":{"start":{"line":239,"column":10},"end":{"line":251,"column":1}},"line":239},"1":{"name":"(anonymous_1)","decl":{"start":{"line":344,"column":2},"end":{"line":344,"column":3}},"loc":{"start":{"line":356,"column":5},"end":{"line":368,"column":3}},"line":356},"2":{"name":"(anonymous_2)","decl":{"start":{"line":380,"column":2},"end":{"line":380,"column":3}},"loc":{"start":{"line":382,"column":42},"end":{"line":384,"column":3}},"line":382},"3":{"name":"(anonymous_3)","decl":{"start":{"line":395,"column":2},"end":{"line":395,"column":3}},"loc":{"start":{"line":397,"column":42},"end":{"line":399,"column":3}},"line":397},"4":{"name":"(anonymous_4)","decl":{"start":{"line":418,"column":2},"end":{"line":418,"column":3}},"loc":{"start":{"line":420,"column":45},"end":{"line":422,"column":3}},"line":420},"5":{"name":"(anonymous_5)","decl":{"start":{"line":457,"column":32},"end":{"line":457,"column":33}},"loc":{"start":{"line":457,"column":44},"end":{"line":473,"column":5}},"line":457},"6":{"name":"(anonymous_6)","decl":{"start":{"line":482,"column":2},"end":{"line":482,"column":3}},"loc":{"start":{"line":482,"column":42},"end":{"line":495,"column":3}},"line":482},"7":{"name":"(anonymous_7)","decl":{"start":{"line":504,"column":2},"end":{"line":504,"column":3}},"loc":{"start":{"line":504,"column":73},"end":{"line":525,"column":3}},"line":504},"8":{"name":"(anonymous_8)","decl":{"start":{"line":515,"column":28},"end":{"line":515,"column":29}},"loc":{"start":{"line":515,"column":41},"end":{"line":524,"column":5}},"line":515},"9":{"name":"(anonymous_9)","decl":{"start":{"line":518,"column":10},"end":{"line":518,"column":11}},"loc":{"start":{"line":518,"column":21},"end":{"line":518,"column":46}},"line":518},"10":{"name":"(anonymous_10)","decl":{"start":{"line":533,"column":2},"end":{"line":533,"column":3}},"loc":{"start":{"line":533,"column":62},"end":{"line":540,"column":3}},"line":533},"11":{"name":"(anonymous_11)","decl":{"start":{"line":549,"column":2},"end":{"line":549,"column":3}},"loc":{"start":{"line":552,"column":29},"end":{"line":572,"column":3}},"line":552}},"branchMap":{"0":{"loc":{"start":{"line":240,"column":16},"end":{"line":240,"column":67}},"type":"cond-expr","locations":[{"start":{"line":240,"column":54},"end":{"line":240,"column":62}},{"start":{"line":240,"column":65},"end":{"line":240,"column":67}}],"line":240},"1":{"loc":{"start":{"line":242,"column":2},"end":{"line":250,"column":3}},"type":"switch","locations":[{"start":{"line":243,"column":4},"end":{"line":244,"column":58}},{"start":{"line":245,"column":4},"end":{"line":245,"column":34}},{"start":{"line":246,"column":4},"end":{"line":247,"column":62}},{"start":{"line":248,"column":4},"end":{"line":249,"column":69}}],"line":242},"2":{"loc":{"start":{"line":346,"column":4},"end":{"line":346,"column":42}},"type":"default-arg","locations":[{"start":{"line":346,"column":18},"end":{"line":346,"column":42}}],"line":346},"3":{"loc":{"start":{"line":349,"column":4},"end":{"line":349,"column":22}},"type":"default-arg","locations":[{"start":{"line":349,"column":20},"end":{"line":349,"column":22}}],"line":349},"4":{"loc":{"start":{"line":431,"column":4},"end":{"line":433,"column":5}},"type":"if","locations":[{"start":{"line":431,"column":4},"end":{"line":433,"column":5}},{"start":{},"end":{}}],"line":431},"5":{"loc":{"start":{"line":463,"column":6},"end":{"line":468,"column":7}},"type":"if","locations":[{"start":{"line":463,"column":6},"end":{"line":468,"column":7}},{"start":{},"end":{}}],"line":463},"6":{"loc":{"start":{"line":470,"column":13},"end":{"line":472,"column":49}},"type":"cond-expr","locations":[{"start":{"line":471,"column":11},"end":{"line":471,"column":48}},{"start":{"line":472,"column":11},"end":{"line":472,"column":48}}],"line":470},"7":{"loc":{"start":{"line":490,"column":4},"end":{"line":492,"column":5}},"type":"if","locations":[{"start":{"line":490,"column":4},"end":{"line":492,"column":5}},{"start":{},"end":{}}],"line":490},"8":{"loc":{"start":{"line":504,"column":21},"end":{"line":504,"column":51}},"type":"default-arg","locations":[{"start":{"line":504,"column":46},"end":{"line":504,"column":51}}],"line":504},"9":{"loc":{"start":{"line":511,"column":4},"end":{"line":513,"column":5}},"type":"if","locations":[{"start":{"line":511,"column":4},"end":{"line":513,"column":5}},{"start":{},"end":{}}],"line":511},"10":{"loc":{"start":{"line":516,"column":6},"end":{"line":521,"column":7}},"type":"if","locations":[{"start":{"line":516,"column":6},"end":{"line":521,"column":7}},{"start":{},"end":{}}],"line":516},"11":{"loc":{"start":{"line":516,"column":10},"end":{"line":516,"column":53}},"type":"binary-expr","locations":[{"start":{"line":516,"column":10},"end":{"line":516,"column":24}},{"start":{"line":516,"column":28},"end":{"line":516,"column":53}}],"line":516},"12":{"loc":{"start":{"line":520,"column":15},"end":{"line":520,"column":53}},"type":"binary-expr","locations":[{"start":{"line":520,"column":15},"end":{"line":520,"column":32}},{"start":{"line":520,"column":36},"end":{"line":520,"column":53}}],"line":520},"13":{"loc":{"start":{"line":551,"column":4},"end":{"line":551,"column":34}},"type":"default-arg","locations":[{"start":{"line":551,"column":29},"end":{"line":551,"column":34}}],"line":551},"14":{"loc":{"start":{"line":560,"column":4},"end":{"line":562,"column":5}},"type":"if","locations":[{"start":{"line":560,"column":4},"end":{"line":562,"column":5}},{"start":{},"end":{}}],"line":560},"15":{"loc":{"start":{"line":560,"column":8},"end":{"line":560,"column":49}},"type":"binary-expr","locations":[{"start":{"line":560,"column":8},"end":{"line":560,"column":17}},{"start":{"line":560,"column":21},"end":{"line":560,"column":49}}],"line":560},"16":{"loc":{"start":{"line":564,"column":4},"end":{"line":569,"column":5}},"type":"if","locations":[{"start":{"line":564,"column":4},"end":{"line":569,"column":5}},{"start":{},"end":{}}],"line":564},"17":{"loc":{"start":{"line":565,"column":6},"end":{"line":566,"column":40}},"type":"binary-expr","locations":[{"start":{"line":565,"column":6},"end":{"line":565,"column":40}},{"start":{"line":566,"column":6},"end":{"line":566,"column":40}}],"line":565}},"s":{"0":0,"1":0,"2":0,"3":0,"4":0,"5":0,"6":0,"7":0,"8":0,"9":0,"10":0,"11":0,"12":0,"13":0,"14":0,"15":0,"16":0,"17":0,"18":0,"19":0,"20":0,"21":0,"22":0,"23":0,"24":0,"25":0,"26":0,"27":0,"28":0,"29":0,"30":0,"31":0,"32":0,"33":0,"34":0,"35":0,"36":0,"37":0,"38":0,"39":0,"40":0,"41":0,"42":0,"43":0,"44":0,"45":0,"46":0,"47":0,"48":0,"49":0,"50":0,"51":0,"52":0,"53":0},"f":{"0":0,"1":0,"2":0,"3":0,"4":0,"5":0,"6":0,"7":0,"8":0,"9":0,"10":0,"11":0},"b":{"0":[0,0],"1":[0,0,0,0],"2":[0],"3":[0],"4":[0,0],"5":[0,0],"6":[0,0],"7":[0,0],"8":[0],"9":[0,0],"10":[0,0],"11":[0,0],"12":[0,0],"13":[0],"14":[0,0],"15":[0,0],"16":[0,0],"17":[0,0]}}
}
