TN:
SF:packages/ramps-controller/src/RampsService.ts
FN:236,getBaseUrl
FN:344,(anonymous_1)
FN:380,(anonymous_2)
FN:395,(anonymous_3)
FN:418,(anonymous_4)
FN:457,(anonymous_5)
FN:482,(anonymous_6)
FN:504,(anonymous_7)
FN:515,(anonymous_8)
FN:518,(anonymous_9)
FN:533,(anonymous_10)
FN:549,(anonymous_11)
FNF:12
FNH:0
FNDA:0,getBaseUrl
FNDA:0,(anonymous_1)
FNDA:0,(anonymous_2)
FNDA:0,(anonymous_3)
FNDA:0,(anonymous_4)
FNDA:0,(anonymous_5)
FNDA:0,(anonymous_6)
FNDA:0,(anonymous_7)
FNDA:0,(anonymous_8)
FNDA:0,(anonymous_9)
FNDA:0,(anonymous_10)
FNDA:0,(anonymous_11)
DA:159,0
DA:167,0
DA:189,0
DA:240,0
DA:242,0
DA:244,0
DA:247,0
DA:249,0
DA:357,0
DA:358,0
DA:359,0
DA:360,0
DA:361,0
DA:362,0
DA:364,0
DA:383,0
DA:398,0
DA:421,0
DA:431,0
DA:432,0
DA:434,0
DA:435,0
DA:436,0
DA:457,0
DA:458,0
DA:459,0
DA:460,0
DA:462,0
DA:463,0
DA:464,0
DA:470,0
DA:483,0
DA:489,0
DA:490,0
DA:491,0
DA:494,0
DA:505,0
DA:511,0
DA:512,0
DA:515,0
DA:516,0
DA:517,0
DA:518,0
DA:520,0
DA:523,0
DA:534,0
DA:535,0
DA:553,0
DA:554,0
DA:560,0
DA:561,0
DA:564,0
DA:568,0
DA:571,0
LF:54
LH:0
BRDA:240,0,0,0
BRDA:240,0,1,0
BRDA:242,1,0,0
BRDA:242,1,1,0
BRDA:242,1,2,0
BRDA:242,1,3,0
BRDA:346,2,0,0
BRDA:349,3,0,0
BRDA:431,4,0,0
BRDA:431,4,1,0
BRDA:463,5,0,0
BRDA:463,5,1,0
BRDA:470,6,0,0
BRDA:470,6,1,0
BRDA:490,7,0,0
BRDA:490,7,1,0
BRDA:504,8,0,0
BRDA:511,9,0,0
BRDA:511,9,1,0
BRDA:516,10,0,0
BRDA:516,10,1,0
BRDA:516,11,0,0
BRDA:516,11,1,0
BRDA:520,12,0,0
BRDA:520,12,1,0
BRDA:551,13,0,0
BRDA:560,14,0,0
BRDA:560,14,1,0
BRDA:560,15,0,0
BRDA:560,15,1,0
BRDA:564,16,0,0
BRDA:564,16,1,0
BRDA:565,17,0,0
BRDA:565,17,1,0
BRF:34
BRH:0
end_of_record
